0 info it worked if it ends with ok
1 verbose cli [ '/usr/local/Cellar/node/6.8.1/bin/node',
1 verbose cli   '/usr/local/bin/npm',
1 verbose cli   'install',
1 verbose cli   'bootstrap-material-design' ]
2 info using npm@3.10.8
3 info using node@v6.8.1
4 silly loadCurrentTree Starting
5 silly install loadCurrentTree
6 silly install readLocalPackageData
7 silly fetchPackageMetaData bootstrap-material-design
8 silly fetchNamedPackageData bootstrap-material-design
9 silly mapToRegistry name bootstrap-material-design
10 silly mapToRegistry using default registry
11 silly mapToRegistry registry https://registry.npmjs.org/
12 silly mapToRegistry data Result {
12 silly mapToRegistry   raw: 'bootstrap-material-design',
12 silly mapToRegistry   scope: null,
12 silly mapToRegistry   escapedName: 'bootstrap-material-design',
12 silly mapToRegistry   name: 'bootstrap-material-design',
12 silly mapToRegistry   rawSpec: '',
12 silly mapToRegistry   spec: 'latest',
12 silly mapToRegistry   type: 'tag' }
13 silly mapToRegistry uri https://registry.npmjs.org/bootstrap-material-design
14 verbose request uri https://registry.npmjs.org/bootstrap-material-design
15 verbose request no auth needed
16 info attempt registry request try #1 at 9:59:42 PM
17 verbose request id 441c87059c64042f
18 verbose etag "CTFOGN12FUM93PEZ5C0HT6ODC"
19 http request GET https://registry.npmjs.org/bootstrap-material-design
20 http 304 https://registry.npmjs.org/bootstrap-material-design
21 verbose headers { date: 'Sat, 12 Nov 2016 03:59:42 GMT',
21 verbose headers   via: '1.1 varnish',
21 verbose headers   'cache-control': 'max-age=300',
21 verbose headers   etag: '"CTFOGN12FUM93PEZ5C0HT6ODC"',
21 verbose headers   age: '0',
21 verbose headers   connection: 'keep-alive',
21 verbose headers   'x-served-by': 'cache-ord1728-ORD',
21 verbose headers   'x-cache': 'MISS',
21 verbose headers   'x-cache-hits': '0',
21 verbose headers   'x-timer': 'S1478923182.709644,VS0,VE127',
21 verbose headers   vary: 'Accept-Encoding' }
22 silly get cb [ 304,
22 silly get   { date: 'Sat, 12 Nov 2016 03:59:42 GMT',
22 silly get     via: '1.1 varnish',
22 silly get     'cache-control': 'max-age=300',
22 silly get     etag: '"CTFOGN12FUM93PEZ5C0HT6ODC"',
22 silly get     age: '0',
22 silly get     connection: 'keep-alive',
22 silly get     'x-served-by': 'cache-ord1728-ORD',
22 silly get     'x-cache': 'MISS',
22 silly get     'x-cache-hits': '0',
22 silly get     'x-timer': 'S1478923182.709644,VS0,VE127',
22 silly get     vary: 'Accept-Encoding' } ]
23 verbose etag https://registry.npmjs.org/bootstrap-material-design from cache
24 verbose get saving bootstrap-material-design to /Users/ericsmith/.npm/registry.npmjs.org/bootstrap-material-design/.cache.json
25 verbose correctMkdir /Users/ericsmith/.npm correctMkdir not in flight; initializing
26 silly install normalizeTree
27 silly loadCurrentTree Finishing
28 silly loadIdealTree Starting
29 silly install loadIdealTree
30 silly cloneCurrentTree Starting
31 silly install cloneCurrentTreeToIdealTree
32 silly cloneCurrentTree Finishing
33 silly loadShrinkwrap Starting
34 silly install loadShrinkwrap
35 silly loadShrinkwrap Finishing
36 silly loadAllDepsIntoIdealTree Starting
37 silly install loadAllDepsIntoIdealTree
38 silly resolveWithNewModule bootstrap-material-design@0.5.10 checking installable status
39 silly cache add args [ 'bootstrap-material-design', null ]
40 verbose cache add spec bootstrap-material-design
41 silly cache add parsed spec Result {
41 silly cache add   raw: 'bootstrap-material-design',
41 silly cache add   scope: null,
41 silly cache add   escapedName: 'bootstrap-material-design',
41 silly cache add   name: 'bootstrap-material-design',
41 silly cache add   rawSpec: '',
41 silly cache add   spec: 'latest',
41 silly cache add   type: 'tag' }
42 silly addNamed bootstrap-material-design@latest
43 verbose addNamed "latest" is being treated as a dist-tag for bootstrap-material-design
44 info addNameTag [ 'bootstrap-material-design', 'latest' ]
45 silly mapToRegistry name bootstrap-material-design
46 silly mapToRegistry using default registry
47 silly mapToRegistry registry https://registry.npmjs.org/
48 silly mapToRegistry data Result {
48 silly mapToRegistry   raw: 'bootstrap-material-design',
48 silly mapToRegistry   scope: null,
48 silly mapToRegistry   escapedName: 'bootstrap-material-design',
48 silly mapToRegistry   name: 'bootstrap-material-design',
48 silly mapToRegistry   rawSpec: '',
48 silly mapToRegistry   spec: 'latest',
48 silly mapToRegistry   type: 'tag' }
49 silly mapToRegistry uri https://registry.npmjs.org/bootstrap-material-design
50 verbose addNameTag registry:https://registry.npmjs.org/bootstrap-material-design not in flight; fetching
51 verbose get https://registry.npmjs.org/bootstrap-material-design not expired, no request
52 silly addNameTag next cb for bootstrap-material-design with tag latest
53 silly addNamed bootstrap-material-design@0.5.10
54 verbose addNamed "0.5.10" is a plain semver version for bootstrap-material-design
55 silly cache afterAdd bootstrap-material-design@0.5.10
56 verbose afterAdd /Users/ericsmith/.npm/bootstrap-material-design/0.5.10/package/package.json not in flight; writing
57 verbose correctMkdir /Users/ericsmith/.npm correctMkdir not in flight; initializing
58 verbose afterAdd /Users/ericsmith/.npm/bootstrap-material-design/0.5.10/package/package.json written
59 silly fetchNamedPackageData bootstrap
60 silly mapToRegistry name bootstrap
61 silly mapToRegistry using default registry
62 silly mapToRegistry registry https://registry.npmjs.org/
63 silly mapToRegistry data Result {
63 silly mapToRegistry   raw: 'bootstrap',
63 silly mapToRegistry   scope: null,
63 silly mapToRegistry   escapedName: 'bootstrap',
63 silly mapToRegistry   name: 'bootstrap',
63 silly mapToRegistry   rawSpec: '',
63 silly mapToRegistry   spec: 'latest',
63 silly mapToRegistry   type: 'tag' }
64 silly mapToRegistry uri https://registry.npmjs.org/bootstrap
65 verbose request uri https://registry.npmjs.org/bootstrap
66 verbose request no auth needed
67 info attempt registry request try #1 at 9:59:43 PM
68 verbose etag "D144NOZ9Q9Y7R8T3JQL10CLJS"
69 http request GET https://registry.npmjs.org/bootstrap
70 http 304 https://registry.npmjs.org/bootstrap
71 verbose headers { date: 'Sat, 12 Nov 2016 03:59:43 GMT',
71 verbose headers   via: '1.1 varnish',
71 verbose headers   'cache-control': 'max-age=300',
71 verbose headers   etag: '"D144NOZ9Q9Y7R8T3JQL10CLJS"',
71 verbose headers   age: '0',
71 verbose headers   connection: 'keep-alive',
71 verbose headers   'x-served-by': 'cache-ord1728-ORD',
71 verbose headers   'x-cache': 'HIT',
71 verbose headers   'x-cache-hits': '1',
71 verbose headers   'x-timer': 'S1478923183.271598,VS0,VE296',
71 verbose headers   vary: 'Accept-Encoding' }
72 silly get cb [ 304,
72 silly get   { date: 'Sat, 12 Nov 2016 03:59:43 GMT',
72 silly get     via: '1.1 varnish',
72 silly get     'cache-control': 'max-age=300',
72 silly get     etag: '"D144NOZ9Q9Y7R8T3JQL10CLJS"',
72 silly get     age: '0',
72 silly get     connection: 'keep-alive',
72 silly get     'x-served-by': 'cache-ord1728-ORD',
72 silly get     'x-cache': 'HIT',
72 silly get     'x-cache-hits': '1',
72 silly get     'x-timer': 'S1478923183.271598,VS0,VE296',
72 silly get     vary: 'Accept-Encoding' } ]
73 verbose etag https://registry.npmjs.org/bootstrap from cache
74 verbose get saving bootstrap to /Users/ericsmith/.npm/registry.npmjs.org/bootstrap/.cache.json
75 verbose correctMkdir /Users/ericsmith/.npm correctMkdir not in flight; initializing
76 silly resolveWithNewModule bootstrap@3.3.7 checking installable status
77 silly cache add args [ 'bootstrap@>=3.0', null ]
78 verbose cache add spec bootstrap@>=3.0
79 silly cache add parsed spec Result {
79 silly cache add   raw: 'bootstrap@>=3.0',
79 silly cache add   scope: null,
79 silly cache add   escapedName: 'bootstrap',
79 silly cache add   name: 'bootstrap',
79 silly cache add   rawSpec: '>=3.0',
79 silly cache add   spec: '>=3.0.0',
79 silly cache add   type: 'range' }
80 silly addNamed bootstrap@>=3.0.0
81 verbose addNamed ">=3.0.0" is a valid semver range for bootstrap
82 silly addNameRange { name: 'bootstrap', range: '>=3.0.0', hasData: false }
83 silly mapToRegistry name bootstrap
84 silly mapToRegistry using default registry
85 silly mapToRegistry registry https://registry.npmjs.org/
86 silly mapToRegistry data Result {
86 silly mapToRegistry   raw: 'bootstrap',
86 silly mapToRegistry   scope: null,
86 silly mapToRegistry   escapedName: 'bootstrap',
86 silly mapToRegistry   name: 'bootstrap',
86 silly mapToRegistry   rawSpec: '',
86 silly mapToRegistry   spec: 'latest',
86 silly mapToRegistry   type: 'tag' }
87 silly mapToRegistry uri https://registry.npmjs.org/bootstrap
88 verbose addNameRange registry:https://registry.npmjs.org/bootstrap not in flight; fetching
89 verbose get https://registry.npmjs.org/bootstrap not expired, no request
90 silly addNameRange number 2 { name: 'bootstrap', range: '>=3.0.0', hasData: true }
91 silly addNameRange versions [ 'bootstrap',
91 silly addNameRange   [ '0.0.1',
91 silly addNameRange     '0.0.2',
91 silly addNameRange     '3.1.1',
91 silly addNameRange     '3.2.0',
91 silly addNameRange     '3.3.0',
91 silly addNameRange     '3.3.1',
91 silly addNameRange     '3.3.2',
91 silly addNameRange     '3.3.4',
91 silly addNameRange     '3.3.5',
91 silly addNameRange     '3.3.6',
91 silly addNameRange     '4.0.0-alpha.2',
91 silly addNameRange     '3.3.7',
91 silly addNameRange     '4.0.0-alpha.3',
91 silly addNameRange     '4.0.0-alpha.4',
91 silly addNameRange     '4.0.0-alpha.5' ] ]
92 silly addNamed bootstrap@3.3.7
93 verbose addNamed "3.3.7" is a plain semver version for bootstrap
94 silly cache afterAdd bootstrap@3.3.7
95 verbose afterAdd /Users/ericsmith/.npm/bootstrap/3.3.7/package/package.json not in flight; writing
96 verbose correctMkdir /Users/ericsmith/.npm correctMkdir not in flight; initializing
97 verbose afterAdd /Users/ericsmith/.npm/bootstrap/3.3.7/package/package.json written
98 silly loadAllDepsIntoIdealTree Finishing
99 silly loadIdealTree Finishing
100 silly currentTree datebuilder@1.0.0
100 silly currentTree ├── @angular/common@2.1.2
100 silly currentTree ├── @angular/compiler@2.1.2
100 silly currentTree ├── @angular/core@2.1.2
100 silly currentTree ├── @angular/forms@2.1.2
100 silly currentTree ├── @angular/http@2.1.2
100 silly currentTree ├── @angular/platform-browser-dynamic@2.1.2
100 silly currentTree ├── @angular/platform-browser@2.1.2
100 silly currentTree ├── @angular/router@3.1.2
100 silly currentTree ├── @angular/upgrade@2.1.2
100 silly currentTree ├── @ng-bootstrap/.DS_Store
100 silly currentTree ├── @ng-bootstrap/ng-bootstrap@1.0.0-alpha.12
100 silly currentTree ├── @types/core-js@0.9.34
100 silly currentTree ├── @types/node@6.0.46
100 silly currentTree ├── abbrev@1.0.9
100 silly currentTree ├── accepts@1.3.3
100 silly currentTree ├── after@0.8.1
100 silly currentTree ├── angular-in-memory-web-api@0.1.13
100 silly currentTree ├── ansi-regex@0.2.1
100 silly currentTree ├── ansi-styles@1.1.0
100 silly currentTree ├── anymatch@1.3.0
100 silly currentTree ├── arr-diff@2.0.0
100 silly currentTree ├── arr-flatten@1.0.1
100 silly currentTree ├── array-unique@0.2.1
100 silly currentTree ├── arraybuffer.slice@0.0.6
100 silly currentTree ├── arrify@1.0.1
100 silly currentTree ├── asn1@0.1.11
100 silly currentTree ├── assert-plus@0.1.5
100 silly currentTree ├── async-each-series@0.1.1
100 silly currentTree ├── async-each@1.0.1
100 silly currentTree ├── async@2.1.2
100 silly currentTree ├── aws-sign2@0.6.0
100 silly currentTree ├── backo2@1.0.2
100 silly currentTree ├── balanced-match@0.4.2
100 silly currentTree ├── base64-arraybuffer@0.1.5
100 silly currentTree ├── base64id@0.1.0
100 silly currentTree ├── batch@0.5.3
100 silly currentTree ├── benchmark@1.0.0
100 silly currentTree ├── better-assert@1.0.2
100 silly currentTree ├── binary-extensions@1.7.0
100 silly currentTree ├─┬ bl@1.0.3
100 silly currentTree │ └── readable-stream@2.0.6
100 silly currentTree ├── blob@0.0.4
100 silly currentTree ├── bluebird@2.9.6
100 silly currentTree ├── boom@2.10.1
100 silly currentTree ├── bootstrap@4.0.0-alpha.5
100 silly currentTree ├── brace-expansion@1.1.6
100 silly currentTree ├── braces@1.8.5
100 silly currentTree ├── browser-sync-client@2.4.3
100 silly currentTree ├── browser-sync-ui@0.6.1
100 silly currentTree ├─┬ browser-sync@2.17.5
100 silly currentTree │ └── rx@4.1.0
100 silly currentTree ├── bs-recipes@1.2.3
100 silly currentTree ├── buffer-shims@1.0.0
100 silly currentTree ├── builtin-modules@1.1.1
100 silly currentTree ├── callsite@1.0.0
100 silly currentTree ├── camelcase@1.2.1
100 silly currentTree ├── caseless@0.11.0
100 silly currentTree ├── chalk@0.5.1
100 silly currentTree ├── chokidar@1.6.0
100 silly currentTree ├─┬ cliui@3.2.0
100 silly currentTree │ ├── ansi-regex@2.0.0
100 silly currentTree │ └── strip-ansi@3.0.1
100 silly currentTree ├── code-point-at@1.0.1
100 silly currentTree ├── combined-stream@1.0.5
100 silly currentTree ├── commander@2.6.0
100 silly currentTree ├── component-bind@1.0.0
100 silly currentTree ├── component-emitter@1.1.2
100 silly currentTree ├── component-inherit@0.0.3
100 silly currentTree ├── concat-map@0.0.1
100 silly currentTree ├── concurrently@3.1.0
100 silly currentTree ├── connect-history-api-fallback@1.3.0
100 silly currentTree ├── connect-logger@0.0.1
100 silly currentTree ├── connect@3.5.0
100 silly currentTree ├── core-js@2.4.1
100 silly currentTree ├── core-util-is@1.0.2
100 silly currentTree ├── cryptiles@2.0.5
100 silly currentTree ├── ctype@0.5.3
100 silly currentTree ├── debug@2.2.0
100 silly currentTree ├── decamelize@1.2.0
100 silly currentTree ├── delayed-stream@1.0.0
100 silly currentTree ├── depd@1.1.0
100 silly currentTree ├── destroy@1.0.4
100 silly currentTree ├── dev-ip@1.0.1
100 silly currentTree ├─┬ easy-extender@2.3.2
100 silly currentTree │ └── lodash@3.10.1
100 silly currentTree ├── eazy-logger@3.0.2
100 silly currentTree ├── ee-first@1.1.1
100 silly currentTree ├── emitter-steward@1.0.0
100 silly currentTree ├── encodeurl@1.0.1
100 silly currentTree ├── engine.io-client@1.7.0
100 silly currentTree ├─┬ engine.io-parser@1.3.0
100 silly currentTree │ ├── has-binary@0.1.6
100 silly currentTree │ └── isarray@0.0.1
100 silly currentTree ├── engine.io@1.7.0
100 silly currentTree ├── error-ex@1.3.0
100 silly currentTree ├── escape-html@1.0.3
100 silly currentTree ├── escape-string-regexp@1.0.5
100 silly currentTree ├── etag@1.7.0
100 silly currentTree ├── eventemitter3@1.2.0
100 silly currentTree ├── expand-brackets@0.1.5
100 silly currentTree ├── expand-range@1.8.2
100 silly currentTree ├─┬ express@2.5.11
100 silly currentTree │ ├── connect@1.9.2
100 silly currentTree │ └── qs@0.4.2
100 silly currentTree ├── extend@3.0.0
100 silly currentTree ├── extglob@0.3.2
100 silly currentTree ├── filename-regex@2.0.0
100 silly currentTree ├── fill-range@2.2.3
100 silly currentTree ├── finalhandler@0.5.0
100 silly currentTree ├── find-up@1.1.2
100 silly currentTree ├── for-in@0.1.6
100 silly currentTree ├── for-own@0.1.4
100 silly currentTree ├── forever-agent@0.6.1
100 silly currentTree ├── form-data@1.0.1
100 silly currentTree ├── formidable@1.0.17
100 silly currentTree ├── fresh@0.3.0
100 silly currentTree ├── fs-extra@0.30.0
100 silly currentTree ├── fs.realpath@1.0.0
100 silly currentTree ├─┬ fsevents@1.0.14
100 silly currentTree │ ├── abbrev@1.0.9
100 silly currentTree │ ├── ansi-regex@2.0.0
100 silly currentTree │ ├── ansi-styles@2.2.1
100 silly currentTree │ ├── aproba@1.0.4
100 silly currentTree │ ├── are-we-there-yet@1.1.2
100 silly currentTree │ ├── asn1@0.2.3
100 silly currentTree │ ├── assert-plus@0.2.0
100 silly currentTree │ ├── async@1.5.2
100 silly currentTree │ ├── aws-sign2@0.6.0
100 silly currentTree │ ├── aws4@1.4.1
100 silly currentTree │ ├── balanced-match@0.4.2
100 silly currentTree │ ├─┬ bl@1.1.2
100 silly currentTree │ │ └── readable-stream@2.0.6
100 silly currentTree │ ├── block-stream@0.0.9
100 silly currentTree │ ├── boom@2.10.1
100 silly currentTree │ ├── brace-expansion@1.1.5
100 silly currentTree │ ├── buffer-shims@1.0.0
100 silly currentTree │ ├── caseless@0.11.0
100 silly currentTree │ ├── chalk@1.1.3
100 silly currentTree │ ├── code-point-at@1.0.0
100 silly currentTree │ ├── combined-stream@1.0.5
100 silly currentTree │ ├── commander@2.9.0
100 silly currentTree │ ├── concat-map@0.0.1
100 silly currentTree │ ├── console-control-strings@1.1.0
100 silly currentTree │ ├── core-util-is@1.0.2
100 silly currentTree │ ├── cryptiles@2.0.5
100 silly currentTree │ ├─┬ dashdash@1.14.0
100 silly currentTree │ │ └── assert-plus@1.0.0
100 silly currentTree │ ├── debug@2.2.0
100 silly currentTree │ ├── deep-extend@0.4.1
100 silly currentTree │ ├── delayed-stream@1.0.0
100 silly currentTree │ ├── delegates@1.0.0
100 silly currentTree │ ├── ecc-jsbn@0.1.1
100 silly currentTree │ ├── escape-string-regexp@1.0.5
100 silly currentTree │ ├── extend@3.0.0
100 silly currentTree │ ├── extsprintf@1.0.2
100 silly currentTree │ ├── forever-agent@0.6.1
100 silly currentTree │ ├── form-data@1.0.0-rc4
100 silly currentTree │ ├── fs.realpath@1.0.0
100 silly currentTree │ ├── fstream-ignore@1.0.5
100 silly currentTree │ ├── fstream@1.0.10
100 silly currentTree │ ├── gauge@2.6.0
100 silly currentTree │ ├── generate-function@2.0.0
100 silly currentTree │ ├── generate-object-property@1.2.0
100 silly currentTree │ ├─┬ getpass@0.1.6
100 silly currentTree │ │ └── assert-plus@1.0.0
100 silly currentTree │ ├── glob@7.0.5
100 silly currentTree │ ├── graceful-fs@4.1.4
100 silly currentTree │ ├── graceful-readlink@1.0.1
100 silly currentTree │ ├── har-validator@2.0.6
100 silly currentTree │ ├── has-ansi@2.0.0
100 silly currentTree │ ├── has-color@0.1.7
100 silly currentTree │ ├── has-unicode@2.0.1
100 silly currentTree │ ├── hawk@3.1.3
100 silly currentTree │ ├── hoek@2.16.3
100 silly currentTree │ ├── http-signature@1.1.1
100 silly currentTree │ ├── inflight@1.0.5
100 silly currentTree │ ├── inherits@2.0.1
100 silly currentTree │ ├── ini@1.3.4
100 silly currentTree │ ├── is-fullwidth-code-point@1.0.0
100 silly currentTree │ ├── is-my-json-valid@2.13.1
100 silly currentTree │ ├── is-property@1.0.2
100 silly currentTree │ ├── is-typedarray@1.0.0
100 silly currentTree │ ├── isarray@1.0.0
100 silly currentTree │ ├── isstream@0.1.2
100 silly currentTree │ ├── jodid25519@1.0.2
100 silly currentTree │ ├── jsbn@0.1.0
100 silly currentTree │ ├── json-schema@0.2.2
100 silly currentTree │ ├── json-stringify-safe@5.0.1
100 silly currentTree │ ├── jsonpointer@2.0.0
100 silly currentTree │ ├── jsprim@1.3.0
100 silly currentTree │ ├── mime-db@1.23.0
100 silly currentTree │ ├── mime-types@2.1.11
100 silly currentTree │ ├── minimatch@3.0.2
100 silly currentTree │ ├── minimist@0.0.8
100 silly currentTree │ ├── mkdirp@0.5.1
100 silly currentTree │ ├── ms@0.7.1
100 silly currentTree │ ├── node-pre-gyp@0.6.29
100 silly currentTree │ ├── node-uuid@1.4.7
100 silly currentTree │ ├── nopt@3.0.6
100 silly currentTree │ ├── npmlog@3.1.2
100 silly currentTree │ ├── number-is-nan@1.0.0
100 silly currentTree │ ├── oauth-sign@0.8.2
100 silly currentTree │ ├── object-assign@4.1.0
100 silly currentTree │ ├── once@1.3.3
100 silly currentTree │ ├── path-is-absolute@1.0.0
100 silly currentTree │ ├── pinkie-promise@2.0.1
100 silly currentTree │ ├── pinkie@2.0.4
100 silly currentTree │ ├── process-nextick-args@1.0.7
100 silly currentTree │ ├── qs@6.2.0
100 silly currentTree │ ├─┬ rc@1.1.6
100 silly currentTree │ │ └── minimist@1.2.0
100 silly currentTree │ ├── readable-stream@2.1.4
100 silly currentTree │ ├── request@2.73.0
100 silly currentTree │ ├── rimraf@2.5.3
100 silly currentTree │ ├── semver@5.2.0
100 silly currentTree │ ├── set-blocking@2.0.0
100 silly currentTree │ ├── signal-exit@3.0.0
100 silly currentTree │ ├── sntp@1.0.9
100 silly currentTree │ ├─┬ sshpk@1.8.3
100 silly currentTree │ │ └── assert-plus@1.0.0
100 silly currentTree │ ├── string_decoder@0.10.31
100 silly currentTree │ ├── string-width@1.0.1
100 silly currentTree │ ├── stringstream@0.0.5
100 silly currentTree │ ├── strip-ansi@3.0.1
100 silly currentTree │ ├── strip-json-comments@1.0.4
100 silly currentTree │ ├── supports-color@2.0.0
100 silly currentTree │ ├── tar-pack@3.1.4
100 silly currentTree │ ├── tar@2.2.1
100 silly currentTree │ ├── tough-cookie@2.2.2
100 silly currentTree │ ├── tunnel-agent@0.4.3
100 silly currentTree │ ├── tweetnacl@0.13.3
100 silly currentTree │ ├── uid-number@0.0.6
100 silly currentTree │ ├── util-deprecate@1.0.2
100 silly currentTree │ ├── verror@1.3.6
100 silly currentTree │ ├── wide-align@1.1.0
100 silly currentTree │ ├── wrappy@1.0.2
100 silly currentTree │ └── xtend@4.0.1
100 silly currentTree ├── generate-function@2.0.0
100 silly currentTree ├── generate-object-property@1.2.0
100 silly currentTree ├── get-caller-file@1.0.2
100 silly currentTree ├── glob-base@0.3.0
100 silly currentTree ├── glob-parent@2.0.0
100 silly currentTree ├── glob@7.1.1
100 silly currentTree ├── graceful-fs@4.1.9
100 silly currentTree ├── graceful-readlink@1.0.1
100 silly currentTree ├─┬ har-validator@2.0.6
100 silly currentTree │ ├── ansi-regex@2.0.0
100 silly currentTree │ ├── ansi-styles@2.2.1
100 silly currentTree │ ├── chalk@1.1.3
100 silly currentTree │ ├── commander@2.9.0
100 silly currentTree │ ├── has-ansi@2.0.0
100 silly currentTree │ ├── strip-ansi@3.0.1
100 silly currentTree │ └── supports-color@2.0.0
100 silly currentTree ├── has-ansi@0.1.0
100 silly currentTree ├─┬ has-binary@0.1.7
100 silly currentTree │ └── isarray@0.0.1
100 silly currentTree ├── has-cors@1.1.0
100 silly currentTree ├── hawk@3.1.3
100 silly currentTree ├── hoek@2.16.3
100 silly currentTree ├── hosted-git-info@2.1.5
100 silly currentTree ├─┬ http-errors@1.5.0
100 silly currentTree │ └── inherits@2.0.1
100 silly currentTree ├── http-proxy@1.15.1
100 silly currentTree ├── http-signature@0.11.0
100 silly currentTree ├── immutable@3.8.1
100 silly currentTree ├── indexof@0.0.1
100 silly currentTree ├── inflight@1.0.6
100 silly currentTree ├── inherits@2.0.3
100 silly currentTree ├── invert-kv@1.0.0
100 silly currentTree ├── is-arrayish@0.2.1
100 silly currentTree ├── is-binary-path@1.0.1
100 silly currentTree ├── is-buffer@1.1.4
100 silly currentTree ├── is-builtin-module@1.0.0
100 silly currentTree ├── is-dotfile@1.0.2
100 silly currentTree ├── is-equal-shallow@0.1.3
100 silly currentTree ├── is-extendable@0.1.1
100 silly currentTree ├── is-extglob@1.0.0
100 silly currentTree ├── is-fullwidth-code-point@1.0.0
100 silly currentTree ├── is-glob@2.0.1
100 silly currentTree ├── is-my-json-valid@2.15.0
100 silly currentTree ├── is-number@2.1.0
100 silly currentTree ├── is-posix-bracket@0.1.1
100 silly currentTree ├── is-primitive@2.0.0
100 silly currentTree ├── is-property@1.0.2
100 silly currentTree ├── is-utf8@0.2.1
100 silly currentTree ├── isarray@1.0.0
100 silly currentTree ├── isobject@2.1.0
100 silly currentTree ├── isstream@0.1.2
100 silly currentTree ├── jquery@3.1.1
100 silly currentTree ├── json-stringify-safe@5.0.1
100 silly currentTree ├── json3@3.2.6
100 silly currentTree ├── jsonfile@2.4.0
100 silly currentTree ├── jsonpointer@4.0.0
100 silly currentTree ├── kind-of@3.0.4
100 silly currentTree ├── klaw@1.3.1
100 silly currentTree ├── lcid@1.0.0
100 silly currentTree ├── limiter@1.1.0
100 silly currentTree ├── lite-server@2.2.2
100 silly currentTree ├── load-json-file@1.1.0
100 silly currentTree ├─┬ localtunnel@1.8.1
100 silly currentTree │ └── yargs@3.29.0
100 silly currentTree ├── lodash@4.16.4
100 silly currentTree ├── micromatch@2.3.11
100 silly currentTree ├── mime-db@1.24.0
100 silly currentTree ├── mime-types@2.1.12
100 silly currentTree ├── mime@1.2.4
100 silly currentTree ├── minimatch@3.0.3
100 silly currentTree ├── minimist@1.2.0
100 silly currentTree ├── mkdirp@0.3.0
100 silly currentTree ├── moment@2.15.2
100 silly currentTree ├── ms@0.7.1
100 silly currentTree ├── nan@2.4.0
100 silly currentTree ├── negotiator@0.6.1
100 silly currentTree ├── node-uuid@1.4.7
100 silly currentTree ├── nopt@3.0.6
100 silly currentTree ├── normalize-package-data@2.3.5
100 silly currentTree ├── normalize-path@2.0.1
100 silly currentTree ├── number-is-nan@1.0.1
100 silly currentTree ├── oauth-sign@0.8.2
100 silly currentTree ├── object-assign@4.1.0
100 silly currentTree ├── object-component@0.0.3
100 silly currentTree ├── object-path@0.9.2
100 silly currentTree ├── object.omit@2.0.1
100 silly currentTree ├── on-finished@2.3.0
100 silly currentTree ├── once@1.4.0
100 silly currentTree ├── openurl@1.1.0
100 silly currentTree ├── opn@4.0.2
100 silly currentTree ├── options@0.0.6
100 silly currentTree ├── os-locale@1.4.0
100 silly currentTree ├── parse-glob@3.0.4
100 silly currentTree ├── parse-json@2.2.0
100 silly currentTree ├── parsejson@0.0.1
100 silly currentTree ├── parseqs@0.0.2
100 silly currentTree ├── parseuri@0.0.4
100 silly currentTree ├── parseurl@1.3.1
100 silly currentTree ├── path-exists@2.1.0
100 silly currentTree ├── path-is-absolute@1.0.1
100 silly currentTree ├── path-type@1.1.0
100 silly currentTree ├── pify@2.3.0
100 silly currentTree ├── pinkie-promise@2.0.1
100 silly currentTree ├── pinkie@2.0.4
100 silly currentTree ├─┬ portscanner@1.0.0
100 silly currentTree │ └── async@0.1.15
100 silly currentTree ├── preserve@0.2.0
100 silly currentTree ├── process-nextick-args@1.0.7
100 silly currentTree ├── qs@6.2.1
100 silly currentTree ├── randomatic@1.1.5
100 silly currentTree ├── range-parser@1.2.0
100 silly currentTree ├── read-pkg-up@1.0.1
100 silly currentTree ├── read-pkg@1.1.0
100 silly currentTree ├── readable-stream@2.1.5
100 silly currentTree ├── readdirp@2.1.0
100 silly currentTree ├── reflect-metadata@0.1.8
100 silly currentTree ├── regex-cache@0.4.3
100 silly currentTree ├── repeat-element@1.1.2
100 silly currentTree ├── repeat-string@1.6.1
100 silly currentTree ├─┬ request@2.65.0
100 silly currentTree │ └── qs@5.2.1
100 silly currentTree ├── require-directory@2.1.1
100 silly currentTree ├── require-main-filename@1.0.1
100 silly currentTree ├── requires-port@1.0.0
100 silly currentTree ├── resp-modifier@6.0.2
100 silly currentTree ├── rimraf@2.5.4
100 silly currentTree ├── rx@2.3.24
100 silly currentTree ├── rxjs@5.0.0-beta.12
100 silly currentTree ├── semver@5.3.0
100 silly currentTree ├─┬ send@0.14.1
100 silly currentTree │ └── mime@1.3.4
100 silly currentTree ├── serve-index@1.8.0
100 silly currentTree ├── serve-static@1.11.1
100 silly currentTree ├── server-destroy@1.0.1
100 silly currentTree ├── set-blocking@2.0.0
100 silly currentTree ├── set-immediate-shim@1.0.1
100 silly currentTree ├── setprototypeof@1.0.1
100 silly currentTree ├── sntp@1.0.9
100 silly currentTree ├─┬ socket.io-adapter@0.4.0
100 silly currentTree │ ├── isarray@0.0.1
100 silly currentTree │ └─┬ socket.io-parser@2.2.2
100 silly currentTree │   └── debug@0.7.4
100 silly currentTree ├─┬ socket.io-client@1.5.0
100 silly currentTree │ └── component-emitter@1.2.0
100 silly currentTree ├─┬ socket.io-parser@2.2.6
100 silly currentTree │ ├── isarray@0.0.1
100 silly currentTree │ └── json3@3.3.2
100 silly currentTree ├── socket.io@1.5.0
100 silly currentTree ├── spawn-default-shell@1.1.0
100 silly currentTree ├── spdx-correct@1.0.2
100 silly currentTree ├── spdx-expression-parse@1.0.4
100 silly currentTree ├── spdx-license-ids@1.2.2
100 silly currentTree ├── statuses@1.3.0
100 silly currentTree ├── stream-throttle@0.1.3
100 silly currentTree ├── string_decoder@0.10.31
100 silly currentTree ├─┬ string-width@1.0.2
100 silly currentTree │ ├── ansi-regex@2.0.0
100 silly currentTree │ └── strip-ansi@3.0.1
100 silly currentTree ├── stringstream@0.0.5
100 silly currentTree ├── strip-ansi@0.3.0
100 silly currentTree ├── strip-bom@2.0.0
100 silly currentTree ├── supports-color@0.2.0
100 silly currentTree ├── symbol-observable@1.0.4
100 silly currentTree ├── systemjs@0.19.39
100 silly currentTree ├── tether@1.3.7
100 silly currentTree ├─┬ tfunk@3.0.2
100 silly currentTree │ ├── ansi-regex@2.0.0
100 silly currentTree │ ├── ansi-styles@2.2.1
100 silly currentTree │ ├── chalk@1.1.3
100 silly currentTree │ ├── has-ansi@2.0.0
100 silly currentTree │ ├── strip-ansi@3.0.1
100 silly currentTree │ └── supports-color@2.0.0
100 silly currentTree ├── to-array@0.1.4
100 silly currentTree ├── tough-cookie@2.2.2
100 silly currentTree ├── tree-kill@1.1.0
100 silly currentTree ├── tunnel-agent@0.4.3
100 silly currentTree ├── typescript@2.0.6
100 silly currentTree ├── ua-parser-js@0.7.10
100 silly currentTree ├── ultron@1.0.2
100 silly currentTree ├── underscore@1.7.0
100 silly currentTree ├── unpipe@1.0.0
100 silly currentTree ├── util-deprecate@1.0.2
100 silly currentTree ├── utils-merge@1.0.0
100 silly currentTree ├── validate-npm-package-license@3.0.1
100 silly currentTree ├── weinre@2.0.0-pre-I0Z7U9OV
100 silly currentTree ├── when@3.7.7
100 silly currentTree ├── which-module@1.0.0
100 silly currentTree ├── window-size@0.1.4
100 silly currentTree ├── wrap-ansi@2.0.0
100 silly currentTree ├── wrappy@1.0.2
100 silly currentTree ├── ws@1.1.1
100 silly currentTree ├── wtf-8@1.0.0
100 silly currentTree ├── xmlhttprequest-ssl@1.5.1
100 silly currentTree ├── xtend@4.0.1
100 silly currentTree ├── y18n@3.2.1
100 silly currentTree ├─┬ yargs-parser@4.0.2
100 silly currentTree │ └── camelcase@3.0.0
100 silly currentTree ├─┬ yargs@6.0.0
100 silly currentTree │ └── window-size@0.2.0
100 silly currentTree ├── yeast@0.1.2
100 silly currentTree └── zone.js@0.6.26
101 silly idealTree datebuilder@1.0.0
101 silly idealTree ├── @angular/common@2.1.2
101 silly idealTree ├── @angular/compiler@2.1.2
101 silly idealTree ├── @angular/core@2.1.2
101 silly idealTree ├── @angular/forms@2.1.2
101 silly idealTree ├── @angular/http@2.1.2
101 silly idealTree ├── @angular/platform-browser-dynamic@2.1.2
101 silly idealTree ├── @angular/platform-browser@2.1.2
101 silly idealTree ├── @angular/router@3.1.2
101 silly idealTree ├── @angular/upgrade@2.1.2
101 silly idealTree ├── @ng-bootstrap/.DS_Store
101 silly idealTree ├── @ng-bootstrap/ng-bootstrap@1.0.0-alpha.12
101 silly idealTree ├── @types/core-js@0.9.34
101 silly idealTree ├── @types/node@6.0.46
101 silly idealTree ├── abbrev@1.0.9
101 silly idealTree ├── accepts@1.3.3
101 silly idealTree ├── after@0.8.1
101 silly idealTree ├── angular-in-memory-web-api@0.1.13
101 silly idealTree ├── ansi-regex@0.2.1
101 silly idealTree ├── ansi-styles@1.1.0
101 silly idealTree ├── anymatch@1.3.0
101 silly idealTree ├── arr-diff@2.0.0
101 silly idealTree ├── arr-flatten@1.0.1
101 silly idealTree ├── array-unique@0.2.1
101 silly idealTree ├── arraybuffer.slice@0.0.6
101 silly idealTree ├── arrify@1.0.1
101 silly idealTree ├── asn1@0.1.11
101 silly idealTree ├── assert-plus@0.1.5
101 silly idealTree ├── async-each-series@0.1.1
101 silly idealTree ├── async-each@1.0.1
101 silly idealTree ├── async@2.1.2
101 silly idealTree ├── aws-sign2@0.6.0
101 silly idealTree ├── backo2@1.0.2
101 silly idealTree ├── balanced-match@0.4.2
101 silly idealTree ├── base64-arraybuffer@0.1.5
101 silly idealTree ├── base64id@0.1.0
101 silly idealTree ├── batch@0.5.3
101 silly idealTree ├── benchmark@1.0.0
101 silly idealTree ├── better-assert@1.0.2
101 silly idealTree ├── binary-extensions@1.7.0
101 silly idealTree ├─┬ bl@1.0.3
101 silly idealTree │ └── readable-stream@2.0.6
101 silly idealTree ├── blob@0.0.4
101 silly idealTree ├── bluebird@2.9.6
101 silly idealTree ├── boom@2.10.1
101 silly idealTree ├─┬ bootstrap-material-design@0.5.10
101 silly idealTree │ └── bootstrap@3.3.7
101 silly idealTree ├── bootstrap@4.0.0-alpha.5
101 silly idealTree ├── brace-expansion@1.1.6
101 silly idealTree ├── braces@1.8.5
101 silly idealTree ├── browser-sync-client@2.4.3
101 silly idealTree ├── browser-sync-ui@0.6.1
101 silly idealTree ├─┬ browser-sync@2.17.5
101 silly idealTree │ └── rx@4.1.0
101 silly idealTree ├── bs-recipes@1.2.3
101 silly idealTree ├── buffer-shims@1.0.0
101 silly idealTree ├── builtin-modules@1.1.1
101 silly idealTree ├── callsite@1.0.0
101 silly idealTree ├── camelcase@1.2.1
101 silly idealTree ├── caseless@0.11.0
101 silly idealTree ├── chalk@0.5.1
101 silly idealTree ├── chokidar@1.6.0
101 silly idealTree ├─┬ cliui@3.2.0
101 silly idealTree │ ├── ansi-regex@2.0.0
101 silly idealTree │ └── strip-ansi@3.0.1
101 silly idealTree ├── code-point-at@1.0.1
101 silly idealTree ├── combined-stream@1.0.5
101 silly idealTree ├── commander@2.6.0
101 silly idealTree ├── component-bind@1.0.0
101 silly idealTree ├── component-emitter@1.1.2
101 silly idealTree ├── component-inherit@0.0.3
101 silly idealTree ├── concat-map@0.0.1
101 silly idealTree ├── concurrently@3.1.0
101 silly idealTree ├── connect-history-api-fallback@1.3.0
101 silly idealTree ├── connect-logger@0.0.1
101 silly idealTree ├── connect@3.5.0
101 silly idealTree ├── core-js@2.4.1
101 silly idealTree ├── core-util-is@1.0.2
101 silly idealTree ├── cryptiles@2.0.5
101 silly idealTree ├── ctype@0.5.3
101 silly idealTree ├── debug@2.2.0
101 silly idealTree ├── decamelize@1.2.0
101 silly idealTree ├── delayed-stream@1.0.0
101 silly idealTree ├── depd@1.1.0
101 silly idealTree ├── destroy@1.0.4
101 silly idealTree ├── dev-ip@1.0.1
101 silly idealTree ├─┬ easy-extender@2.3.2
101 silly idealTree │ └── lodash@3.10.1
101 silly idealTree ├── eazy-logger@3.0.2
101 silly idealTree ├── ee-first@1.1.1
101 silly idealTree ├── emitter-steward@1.0.0
101 silly idealTree ├── encodeurl@1.0.1
101 silly idealTree ├── engine.io-client@1.7.0
101 silly idealTree ├─┬ engine.io-parser@1.3.0
101 silly idealTree │ ├── has-binary@0.1.6
101 silly idealTree │ └── isarray@0.0.1
101 silly idealTree ├── engine.io@1.7.0
101 silly idealTree ├── error-ex@1.3.0
101 silly idealTree ├── escape-html@1.0.3
101 silly idealTree ├── escape-string-regexp@1.0.5
101 silly idealTree ├── etag@1.7.0
101 silly idealTree ├── eventemitter3@1.2.0
101 silly idealTree ├── expand-brackets@0.1.5
101 silly idealTree ├── expand-range@1.8.2
101 silly idealTree ├─┬ express@2.5.11
101 silly idealTree │ ├── connect@1.9.2
101 silly idealTree │ └── qs@0.4.2
101 silly idealTree ├── extend@3.0.0
101 silly idealTree ├── extglob@0.3.2
101 silly idealTree ├── filename-regex@2.0.0
101 silly idealTree ├── fill-range@2.2.3
101 silly idealTree ├── finalhandler@0.5.0
101 silly idealTree ├── find-up@1.1.2
101 silly idealTree ├── for-in@0.1.6
101 silly idealTree ├── for-own@0.1.4
101 silly idealTree ├── forever-agent@0.6.1
101 silly idealTree ├── form-data@1.0.1
101 silly idealTree ├── formidable@1.0.17
101 silly idealTree ├── fresh@0.3.0
101 silly idealTree ├── fs-extra@0.30.0
101 silly idealTree ├── fs.realpath@1.0.0
101 silly idealTree ├─┬ fsevents@1.0.14
101 silly idealTree │ ├── abbrev@1.0.9
101 silly idealTree │ ├── ansi-regex@2.0.0
101 silly idealTree │ ├── ansi-styles@2.2.1
101 silly idealTree │ ├── aproba@1.0.4
101 silly idealTree │ ├── are-we-there-yet@1.1.2
101 silly idealTree │ ├── asn1@0.2.3
101 silly idealTree │ ├── assert-plus@0.2.0
101 silly idealTree │ ├── async@1.5.2
101 silly idealTree │ ├── aws-sign2@0.6.0
101 silly idealTree │ ├── aws4@1.4.1
101 silly idealTree │ ├── balanced-match@0.4.2
101 silly idealTree │ ├─┬ bl@1.1.2
101 silly idealTree │ │ └── readable-stream@2.0.6
101 silly idealTree │ ├── block-stream@0.0.9
101 silly idealTree │ ├── boom@2.10.1
101 silly idealTree │ ├── brace-expansion@1.1.5
101 silly idealTree │ ├── buffer-shims@1.0.0
101 silly idealTree │ ├── caseless@0.11.0
101 silly idealTree │ ├── chalk@1.1.3
101 silly idealTree │ ├── code-point-at@1.0.0
101 silly idealTree │ ├── combined-stream@1.0.5
101 silly idealTree │ ├── commander@2.9.0
101 silly idealTree │ ├── concat-map@0.0.1
101 silly idealTree │ ├── console-control-strings@1.1.0
101 silly idealTree │ ├── core-util-is@1.0.2
101 silly idealTree │ ├── cryptiles@2.0.5
101 silly idealTree │ ├─┬ dashdash@1.14.0
101 silly idealTree │ │ └── assert-plus@1.0.0
101 silly idealTree │ ├── debug@2.2.0
101 silly idealTree │ ├── deep-extend@0.4.1
101 silly idealTree │ ├── delayed-stream@1.0.0
101 silly idealTree │ ├── delegates@1.0.0
101 silly idealTree │ ├── ecc-jsbn@0.1.1
101 silly idealTree │ ├── escape-string-regexp@1.0.5
101 silly idealTree │ ├── extend@3.0.0
101 silly idealTree │ ├── extsprintf@1.0.2
101 silly idealTree │ ├── forever-agent@0.6.1
101 silly idealTree │ ├── form-data@1.0.0-rc4
101 silly idealTree │ ├── fs.realpath@1.0.0
101 silly idealTree │ ├── fstream-ignore@1.0.5
101 silly idealTree │ ├── fstream@1.0.10
101 silly idealTree │ ├── gauge@2.6.0
101 silly idealTree │ ├── generate-function@2.0.0
101 silly idealTree │ ├── generate-object-property@1.2.0
101 silly idealTree │ ├─┬ getpass@0.1.6
101 silly idealTree │ │ └── assert-plus@1.0.0
101 silly idealTree │ ├── glob@7.0.5
101 silly idealTree │ ├── graceful-fs@4.1.4
101 silly idealTree │ ├── graceful-readlink@1.0.1
101 silly idealTree │ ├── har-validator@2.0.6
101 silly idealTree │ ├── has-ansi@2.0.0
101 silly idealTree │ ├── has-color@0.1.7
101 silly idealTree │ ├── has-unicode@2.0.1
101 silly idealTree │ ├── hawk@3.1.3
101 silly idealTree │ ├── hoek@2.16.3
101 silly idealTree │ ├── http-signature@1.1.1
101 silly idealTree │ ├── inflight@1.0.5
101 silly idealTree │ ├── inherits@2.0.1
101 silly idealTree │ ├── ini@1.3.4
101 silly idealTree │ ├── is-fullwidth-code-point@1.0.0
101 silly idealTree │ ├── is-my-json-valid@2.13.1
101 silly idealTree │ ├── is-property@1.0.2
101 silly idealTree │ ├── is-typedarray@1.0.0
101 silly idealTree │ ├── isarray@1.0.0
101 silly idealTree │ ├── isstream@0.1.2
101 silly idealTree │ ├── jodid25519@1.0.2
101 silly idealTree │ ├── jsbn@0.1.0
101 silly idealTree │ ├── json-schema@0.2.2
101 silly idealTree │ ├── json-stringify-safe@5.0.1
101 silly idealTree │ ├── jsonpointer@2.0.0
101 silly idealTree │ ├── jsprim@1.3.0
101 silly idealTree │ ├── mime-db@1.23.0
101 silly idealTree │ ├── mime-types@2.1.11
101 silly idealTree │ ├── minimatch@3.0.2
101 silly idealTree │ ├── minimist@0.0.8
101 silly idealTree │ ├── mkdirp@0.5.1
101 silly idealTree │ ├── ms@0.7.1
101 silly idealTree │ ├── node-pre-gyp@0.6.29
101 silly idealTree │ ├── node-uuid@1.4.7
101 silly idealTree │ ├── nopt@3.0.6
101 silly idealTree │ ├── npmlog@3.1.2
101 silly idealTree │ ├── number-is-nan@1.0.0
101 silly idealTree │ ├── oauth-sign@0.8.2
101 silly idealTree │ ├── object-assign@4.1.0
101 silly idealTree │ ├── once@1.3.3
101 silly idealTree │ ├── path-is-absolute@1.0.0
101 silly idealTree │ ├── pinkie-promise@2.0.1
101 silly idealTree │ ├── pinkie@2.0.4
101 silly idealTree │ ├── process-nextick-args@1.0.7
101 silly idealTree │ ├── qs@6.2.0
101 silly idealTree │ ├─┬ rc@1.1.6
101 silly idealTree │ │ └── minimist@1.2.0
101 silly idealTree │ ├── readable-stream@2.1.4
101 silly idealTree │ ├── request@2.73.0
101 silly idealTree │ ├── rimraf@2.5.3
101 silly idealTree │ ├── semver@5.2.0
101 silly idealTree │ ├── set-blocking@2.0.0
101 silly idealTree │ ├── signal-exit@3.0.0
101 silly idealTree │ ├── sntp@1.0.9
101 silly idealTree │ ├─┬ sshpk@1.8.3
101 silly idealTree │ │ └── assert-plus@1.0.0
101 silly idealTree │ ├── string_decoder@0.10.31
101 silly idealTree │ ├── string-width@1.0.1
101 silly idealTree │ ├── stringstream@0.0.5
101 silly idealTree │ ├── strip-ansi@3.0.1
101 silly idealTree │ ├── strip-json-comments@1.0.4
101 silly idealTree │ ├── supports-color@2.0.0
101 silly idealTree │ ├── tar-pack@3.1.4
101 silly idealTree │ ├── tar@2.2.1
101 silly idealTree │ ├── tough-cookie@2.2.2
101 silly idealTree │ ├── tunnel-agent@0.4.3
101 silly idealTree │ ├── tweetnacl@0.13.3
101 silly idealTree │ ├── uid-number@0.0.6
101 silly idealTree │ ├── util-deprecate@1.0.2
101 silly idealTree │ ├── verror@1.3.6
101 silly idealTree │ ├── wide-align@1.1.0
101 silly idealTree │ ├── wrappy@1.0.2
101 silly idealTree │ └── xtend@4.0.1
101 silly idealTree ├── generate-function@2.0.0
101 silly idealTree ├── generate-object-property@1.2.0
101 silly idealTree ├── get-caller-file@1.0.2
101 silly idealTree ├── glob-base@0.3.0
101 silly idealTree ├── glob-parent@2.0.0
101 silly idealTree ├── glob@7.1.1
101 silly idealTree ├── graceful-fs@4.1.9
101 silly idealTree ├── graceful-readlink@1.0.1
101 silly idealTree ├─┬ har-validator@2.0.6
101 silly idealTree │ ├── ansi-regex@2.0.0
101 silly idealTree │ ├── ansi-styles@2.2.1
101 silly idealTree │ ├── chalk@1.1.3
101 silly idealTree │ ├── commander@2.9.0
101 silly idealTree │ ├── has-ansi@2.0.0
101 silly idealTree │ ├── strip-ansi@3.0.1
101 silly idealTree │ └── supports-color@2.0.0
101 silly idealTree ├── has-ansi@0.1.0
101 silly idealTree ├─┬ has-binary@0.1.7
101 silly idealTree │ └── isarray@0.0.1
101 silly idealTree ├── has-cors@1.1.0
101 silly idealTree ├── hawk@3.1.3
101 silly idealTree ├── hoek@2.16.3
101 silly idealTree ├── hosted-git-info@2.1.5
101 silly idealTree ├─┬ http-errors@1.5.0
101 silly idealTree │ └── inherits@2.0.1
101 silly idealTree ├── http-proxy@1.15.1
101 silly idealTree ├── http-signature@0.11.0
101 silly idealTree ├── immutable@3.8.1
101 silly idealTree ├── indexof@0.0.1
101 silly idealTree ├── inflight@1.0.6
101 silly idealTree ├── inherits@2.0.3
101 silly idealTree ├── invert-kv@1.0.0
101 silly idealTree ├── is-arrayish@0.2.1
101 silly idealTree ├── is-binary-path@1.0.1
101 silly idealTree ├── is-buffer@1.1.4
101 silly idealTree ├── is-builtin-module@1.0.0
101 silly idealTree ├── is-dotfile@1.0.2
101 silly idealTree ├── is-equal-shallow@0.1.3
101 silly idealTree ├── is-extendable@0.1.1
101 silly idealTree ├── is-extglob@1.0.0
101 silly idealTree ├── is-fullwidth-code-point@1.0.0
101 silly idealTree ├── is-glob@2.0.1
101 silly idealTree ├── is-my-json-valid@2.15.0
101 silly idealTree ├── is-number@2.1.0
101 silly idealTree ├── is-posix-bracket@0.1.1
101 silly idealTree ├── is-primitive@2.0.0
101 silly idealTree ├── is-property@1.0.2
101 silly idealTree ├── is-utf8@0.2.1
101 silly idealTree ├── isarray@1.0.0
101 silly idealTree ├── isobject@2.1.0
101 silly idealTree ├── isstream@0.1.2
101 silly idealTree ├── jquery@3.1.1
101 silly idealTree ├── json-stringify-safe@5.0.1
101 silly idealTree ├── json3@3.2.6
101 silly idealTree ├── jsonfile@2.4.0
101 silly idealTree ├── jsonpointer@4.0.0
101 silly idealTree ├── kind-of@3.0.4
101 silly idealTree ├── klaw@1.3.1
101 silly idealTree ├── lcid@1.0.0
101 silly idealTree ├── limiter@1.1.0
101 silly idealTree ├── lite-server@2.2.2
101 silly idealTree ├── load-json-file@1.1.0
101 silly idealTree ├─┬ localtunnel@1.8.1
101 silly idealTree │ └── yargs@3.29.0
101 silly idealTree ├── lodash@4.16.4
101 silly idealTree ├── micromatch@2.3.11
101 silly idealTree ├── mime-db@1.24.0
101 silly idealTree ├── mime-types@2.1.12
101 silly idealTree ├── mime@1.2.4
101 silly idealTree ├── minimatch@3.0.3
101 silly idealTree ├── minimist@1.2.0
101 silly idealTree ├── mkdirp@0.3.0
101 silly idealTree ├── moment@2.15.2
101 silly idealTree ├── ms@0.7.1
101 silly idealTree ├── nan@2.4.0
101 silly idealTree ├── negotiator@0.6.1
101 silly idealTree ├── node-uuid@1.4.7
101 silly idealTree ├── nopt@3.0.6
101 silly idealTree ├── normalize-package-data@2.3.5
101 silly idealTree ├── normalize-path@2.0.1
101 silly idealTree ├── number-is-nan@1.0.1
101 silly idealTree ├── oauth-sign@0.8.2
101 silly idealTree ├── object-assign@4.1.0
101 silly idealTree ├── object-component@0.0.3
101 silly idealTree ├── object-path@0.9.2
101 silly idealTree ├── object.omit@2.0.1
101 silly idealTree ├── on-finished@2.3.0
101 silly idealTree ├── once@1.4.0
101 silly idealTree ├── openurl@1.1.0
101 silly idealTree ├── opn@4.0.2
101 silly idealTree ├── options@0.0.6
101 silly idealTree ├── os-locale@1.4.0
101 silly idealTree ├── parse-glob@3.0.4
101 silly idealTree ├── parse-json@2.2.0
101 silly idealTree ├── parsejson@0.0.1
101 silly idealTree ├── parseqs@0.0.2
101 silly idealTree ├── parseuri@0.0.4
101 silly idealTree ├── parseurl@1.3.1
101 silly idealTree ├── path-exists@2.1.0
101 silly idealTree ├── path-is-absolute@1.0.1
101 silly idealTree ├── path-type@1.1.0
101 silly idealTree ├── pify@2.3.0
101 silly idealTree ├── pinkie-promise@2.0.1
101 silly idealTree ├── pinkie@2.0.4
101 silly idealTree ├─┬ portscanner@1.0.0
101 silly idealTree │ └── async@0.1.15
101 silly idealTree ├── preserve@0.2.0
101 silly idealTree ├── process-nextick-args@1.0.7
101 silly idealTree ├── qs@6.2.1
101 silly idealTree ├── randomatic@1.1.5
101 silly idealTree ├── range-parser@1.2.0
101 silly idealTree ├── read-pkg-up@1.0.1
101 silly idealTree ├── read-pkg@1.1.0
101 silly idealTree ├── readable-stream@2.1.5
101 silly idealTree ├── readdirp@2.1.0
101 silly idealTree ├── reflect-metadata@0.1.8
101 silly idealTree ├── regex-cache@0.4.3
101 silly idealTree ├── repeat-element@1.1.2
101 silly idealTree ├── repeat-string@1.6.1
101 silly idealTree ├─┬ request@2.65.0
101 silly idealTree │ └── qs@5.2.1
101 silly idealTree ├── require-directory@2.1.1
101 silly idealTree ├── require-main-filename@1.0.1
101 silly idealTree ├── requires-port@1.0.0
101 silly idealTree ├── resp-modifier@6.0.2
101 silly idealTree ├── rimraf@2.5.4
101 silly idealTree ├── rx@2.3.24
101 silly idealTree ├── rxjs@5.0.0-beta.12
101 silly idealTree ├── semver@5.3.0
101 silly idealTree ├─┬ send@0.14.1
101 silly idealTree │ └── mime@1.3.4
101 silly idealTree ├── serve-index@1.8.0
101 silly idealTree ├── serve-static@1.11.1
101 silly idealTree ├── server-destroy@1.0.1
101 silly idealTree ├── set-blocking@2.0.0
101 silly idealTree ├── set-immediate-shim@1.0.1
101 silly idealTree ├── setprototypeof@1.0.1
101 silly idealTree ├── sntp@1.0.9
101 silly idealTree ├─┬ socket.io-adapter@0.4.0
101 silly idealTree │ ├── isarray@0.0.1
101 silly idealTree │ └─┬ socket.io-parser@2.2.2
101 silly idealTree │   └── debug@0.7.4
101 silly idealTree ├─┬ socket.io-client@1.5.0
101 silly idealTree │ └── component-emitter@1.2.0
101 silly idealTree ├─┬ socket.io-parser@2.2.6
101 silly idealTree │ ├── isarray@0.0.1
101 silly idealTree │ └── json3@3.3.2
101 silly idealTree ├── socket.io@1.5.0
101 silly idealTree ├── spawn-default-shell@1.1.0
101 silly idealTree ├── spdx-correct@1.0.2
101 silly idealTree ├── spdx-expression-parse@1.0.4
101 silly idealTree ├── spdx-license-ids@1.2.2
101 silly idealTree ├── statuses@1.3.0
101 silly idealTree ├── stream-throttle@0.1.3
101 silly idealTree ├── string_decoder@0.10.31
101 silly idealTree ├─┬ string-width@1.0.2
101 silly idealTree │ ├── ansi-regex@2.0.0
101 silly idealTree │ └── strip-ansi@3.0.1
101 silly idealTree ├── stringstream@0.0.5
101 silly idealTree ├── strip-ansi@0.3.0
101 silly idealTree ├── strip-bom@2.0.0
101 silly idealTree ├── supports-color@0.2.0
101 silly idealTree ├── symbol-observable@1.0.4
101 silly idealTree ├── systemjs@0.19.39
101 silly idealTree ├── tether@1.3.7
101 silly idealTree ├─┬ tfunk@3.0.2
101 silly idealTree │ ├── ansi-regex@2.0.0
101 silly idealTree │ ├── ansi-styles@2.2.1
101 silly idealTree │ ├── chalk@1.1.3
101 silly idealTree │ ├── has-ansi@2.0.0
101 silly idealTree │ ├── strip-ansi@3.0.1
101 silly idealTree │ └── supports-color@2.0.0
101 silly idealTree ├── to-array@0.1.4
101 silly idealTree ├── tough-cookie@2.2.2
101 silly idealTree ├── tree-kill@1.1.0
101 silly idealTree ├── tunnel-agent@0.4.3
101 silly idealTree ├── typescript@2.0.6
101 silly idealTree ├── ua-parser-js@0.7.10
101 silly idealTree ├── ultron@1.0.2
101 silly idealTree ├── underscore@1.7.0
101 silly idealTree ├── unpipe@1.0.0
101 silly idealTree ├── util-deprecate@1.0.2
101 silly idealTree ├── utils-merge@1.0.0
101 silly idealTree ├── validate-npm-package-license@3.0.1
101 silly idealTree ├── weinre@2.0.0-pre-I0Z7U9OV
101 silly idealTree ├── when@3.7.7
101 silly idealTree ├── which-module@1.0.0
101 silly idealTree ├── window-size@0.1.4
101 silly idealTree ├── wrap-ansi@2.0.0
101 silly idealTree ├── wrappy@1.0.2
101 silly idealTree ├── ws@1.1.1
101 silly idealTree ├── wtf-8@1.0.0
101 silly idealTree ├── xmlhttprequest-ssl@1.5.1
101 silly idealTree ├── xtend@4.0.1
101 silly idealTree ├── y18n@3.2.1
101 silly idealTree ├─┬ yargs-parser@4.0.2
101 silly idealTree │ └── camelcase@3.0.0
101 silly idealTree ├─┬ yargs@6.0.0
101 silly idealTree │ └── window-size@0.2.0
101 silly idealTree ├── yeast@0.1.2
101 silly idealTree └── zone.js@0.6.26
102 silly generateActionsToTake Starting
103 silly install generateActionsToTake
104 silly rollbackFailedOptional Starting
105 silly rollbackFailedOptional Finishing
106 silly runTopLevelLifecycles Finishing
107 silly install printInstalled
108 verbose stack Error: /Users/ericsmith/Sites/datebuilder/datebuilder/public/node_modules/bootstrap: Appears to be a git repo or submodule.
108 verbose stack     at /usr/local/lib/node_modules/npm/node_modules/npm-install-checks/index.js:137:15
108 verbose stack     at FSReqWrap.oncomplete (fs.js:123:15)
109 verbose cwd /Users/ericsmith/Sites/datebuilder/datebuilder/public
110 error Darwin 16.0.0
111 error argv "/usr/local/Cellar/node/6.8.1/bin/node" "/usr/local/bin/npm" "install" "bootstrap-material-design"
112 error node v6.8.1
113 error npm  v3.10.8
114 error path /Users/ericsmith/Sites/datebuilder/datebuilder/public/node_modules/bootstrap
115 error code EISGIT
116 error git /Users/ericsmith/Sites/datebuilder/datebuilder/public/node_modules/bootstrap: Appears to be a git repo or submodule.
117 error git /Users/ericsmith/Sites/datebuilder/datebuilder/public/node_modules/bootstrap
118 error git Refusing to remove it. Update manually,
118 error git or move it out of the way first.
119 verbose exit [ 1, true ]
